<?xml version="1.0" encoding="UTF-8"?>
<!-- Generated by org.testng.reporters.JUnitXMLReporter -->
<testsuite ignored="0" hostname="LTIN511473" failures="0" tests="29" name="Test2" time="180.668" errors="0" timestamp="2024-04-07T22:37:06 IST">
  <testcase classname="TestCases.TC_01_LowestCabDetails" name="click_on_caboption" time="0.424"/>
  <testcase classname="TestCases.TC_01_LowestCabDetails" name="click_on_oneway_outstation" time="0.307"/>
  <testcase classname="TestCases.TC_01_LowestCabDetails" name="user_selecting_from" time="4.021"/>
  <testcase classname="TestCases.TC_01_LowestCabDetails" name="user_selecting_to" time="3.629"/>
  <testcase classname="TestCases.TC_01_LowestCabDetails" name="user_selecting_date" time="0.737"/>
  <testcase classname="TestCases.TC_01_LowestCabDetails" name="user_selecting_time" time="1.514"/>
  <testcase classname="TestCases.TC_01_LowestCabDetails" name="user_clicking_search" time="6.689"/>
  <testcase classname="TestCases.TC_01_LowestCabDetails" name="user_selecting_lowtohighprice" time="4.54"/>
  <testcase classname="TestCases.TC_01_LowestCabDetails" name="user_selecting_suv" time="0.249"/>
  <testcase classname="TestCases.TC_01_LowestCabDetails" name="lowest_cab_details" time="0.104"/>
  <testcase classname="TestCases.TC_02_SendingInvalidEmail" name="click_on_caboption" time="0.384"/>
  <testcase classname="TestCases.TC_02_SendingInvalidEmail" name="user_clicking_search" time="5.434"/>
  <testcase classname="TestCases.TC_02_SendingInvalidEmail" name="user_clicking_moredropdown" time="0.255"/>
  <testcase classname="TestCases.TC_02_SendingInvalidEmail" name="user_clicking_giftcardsoption" time="2.35"/>
  <testcase classname="TestCases.TC_02_SendingInvalidEmail" name="user_clicking_wedding_giftcard" time="2.672"/>
  <testcase classname="TestCases.TC_02_SendingInvalidEmail" name="user_gives_senders_data_with_invalid_email" time="1.874"/>
  <testcase classname="TestCases.TC_02_SendingInvalidEmail" name="user_clicks_on_buynow" time="0.396"/>
  <testcase classname="TestCases.TC_02_SendingInvalidEmail" name="capture_warning_msg" time="0.176"/>
  <testcase classname="TestCases.TC_03_SendingValidEmail" name="click_on_caboption" time="0.43"/>
  <testcase classname="TestCases.TC_03_SendingValidEmail" name="user_clicking_search" time="6.509"/>
  <testcase classname="TestCases.TC_03_SendingValidEmail" name="user_clicking_moredropdown" time="0.2"/>
  <testcase classname="TestCases.TC_03_SendingValidEmail" name="user_clicking_giftcardsoption" time="2.492"/>
  <testcase classname="TestCases.TC_03_SendingValidEmail" name="user_clicking_wedding_giftcard" time="2.523"/>
  <testcase classname="TestCases.TC_03_SendingValidEmail" name="user_gives_senders_data_with_valid_email" time="2.149"/>
  <testcase classname="TestCases.TC_03_SendingValidEmail" name="user_clicks_on_buynow" time="4.799"/>
  <testcase classname="TestCases.TC_04_Hotels_Section" name="click_on_hotels_icon" time="0.691"/>
  <testcase classname="TestCases.TC_04_Hotels_Section" name="click_on_upto4rooms" time="0.227"/>
  <testcase classname="TestCases.TC_04_Hotels_Section" name="click_on_roomsandguests" time="0.471"/>
  <testcase classname="TestCases.TC_04_Hotels_Section" name="click_on_adultsdropdown_printallnumbers" time="3.726"/>
</testsuite> <!-- Test2 -->
