<?xml version="1.0" encoding="UTF-8"?>
<!-- Generated by org.testng.reporters.JUnitXMLReporter -->
<testsuite ignored="0" hostname="LTIN511473" failures="0" tests="10" name="Test1" time="55.1" errors="0" timestamp="2024-04-09T21:49:03 IST">
  <testcase classname="TestCases.TC_01_LowestCabDetails" name="click_on_caboption" time="2.789"/>
  <testcase classname="TestCases.TC_01_LowestCabDetails" name="click_on_oneway_outstation" time="0.28"/>
  <testcase classname="TestCases.TC_01_LowestCabDetails" name="user_selecting_from" time="4.112"/>
  <testcase classname="TestCases.TC_01_LowestCabDetails" name="user_selecting_to" time="3.687"/>
  <testcase classname="TestCases.TC_01_LowestCabDetails" name="user_selecting_date" time="1.696"/>
  <testcase classname="TestCases.TC_01_LowestCabDetails" name="user_selecting_time" time="2.09"/>
  <testcase classname="TestCases.TC_01_LowestCabDetails" name="user_clicking_search" time="6.749"/>
  <testcase classname="TestCases.TC_01_LowestCabDetails" name="user_selecting_lowtohighprice" time="4.712"/>
  <testcase classname="TestCases.TC_01_LowestCabDetails" name="user_selecting_suv" time="0.359"/>
  <testcase classname="TestCases.TC_01_LowestCabDetails" name="lowest_cab_details" time="0.136"/>
</testsuite> <!-- Test1 -->
