<?xml version="1.0" encoding="UTF-8"?>
<testng-results ignored="0" total="8" passed="8" failed="0" skipped="0">
  <reporter-output>
  </reporter-output>
  <suite started-at="2024-04-11T14:28:11 IST" name="Suite" finished-at="2024-04-11T14:28:36 IST" duration-ms="24633">
    <groups>
      <group name="regression">
        <method signature="TC_02_SendingInvalidEmail.click_on_caboption()[pri:1, instance:TestCases.TC_02_SendingInvalidEmail@6c40365c]" name="click_on_caboption" class="TestCases.TC_02_SendingInvalidEmail"/>
        <method signature="TC_02_SendingInvalidEmail.user_clicking_search()[pri:2, instance:TestCases.TC_02_SendingInvalidEmail@6c40365c]" name="user_clicking_search" class="TestCases.TC_02_SendingInvalidEmail"/>
        <method signature="TC_02_SendingInvalidEmail.user_clicking_moredropdown()[pri:3, instance:TestCases.TC_02_SendingInvalidEmail@6c40365c]" name="user_clicking_moredropdown" class="TestCases.TC_02_SendingInvalidEmail"/>
        <method signature="TC_02_SendingInvalidEmail.user_clicking_giftcardsoption()[pri:4, instance:TestCases.TC_02_SendingInvalidEmail@6c40365c]" name="user_clicking_giftcardsoption" class="TestCases.TC_02_SendingInvalidEmail"/>
        <method signature="TC_02_SendingInvalidEmail.user_clicking_wedding_giftcard()[pri:5, instance:TestCases.TC_02_SendingInvalidEmail@6c40365c]" name="user_clicking_wedding_giftcard" class="TestCases.TC_02_SendingInvalidEmail"/>
        <method signature="TC_02_SendingInvalidEmail.user_gives_senders_data_with_invalid_email()[pri:6, instance:TestCases.TC_02_SendingInvalidEmail@6c40365c]" name="user_gives_senders_data_with_invalid_email" class="TestCases.TC_02_SendingInvalidEmail"/>
        <method signature="TC_02_SendingInvalidEmail.user_clicks_on_buynow()[pri:7, instance:TestCases.TC_02_SendingInvalidEmail@6c40365c]" name="user_clicks_on_buynow" class="TestCases.TC_02_SendingInvalidEmail"/>
        <method signature="TC_02_SendingInvalidEmail.capture_warning_msg()[pri:8, instance:TestCases.TC_02_SendingInvalidEmail@6c40365c]" name="capture_warning_msg" class="TestCases.TC_02_SendingInvalidEmail"/>
      </group> <!-- regression -->
      <group name="smoke">
        <method signature="TC_02_SendingInvalidEmail.click_on_caboption()[pri:1, instance:TestCases.TC_02_SendingInvalidEmail@6c40365c]" name="click_on_caboption" class="TestCases.TC_02_SendingInvalidEmail"/>
        <method signature="TC_02_SendingInvalidEmail.user_clicking_search()[pri:2, instance:TestCases.TC_02_SendingInvalidEmail@6c40365c]" name="user_clicking_search" class="TestCases.TC_02_SendingInvalidEmail"/>
        <method signature="TC_02_SendingInvalidEmail.user_clicking_moredropdown()[pri:3, instance:TestCases.TC_02_SendingInvalidEmail@6c40365c]" name="user_clicking_moredropdown" class="TestCases.TC_02_SendingInvalidEmail"/>
        <method signature="TC_02_SendingInvalidEmail.user_clicking_giftcardsoption()[pri:4, instance:TestCases.TC_02_SendingInvalidEmail@6c40365c]" name="user_clicking_giftcardsoption" class="TestCases.TC_02_SendingInvalidEmail"/>
        <method signature="TC_02_SendingInvalidEmail.user_clicking_wedding_giftcard()[pri:5, instance:TestCases.TC_02_SendingInvalidEmail@6c40365c]" name="user_clicking_wedding_giftcard" class="TestCases.TC_02_SendingInvalidEmail"/>
        <method signature="TC_02_SendingInvalidEmail.user_gives_senders_data_with_invalid_email()[pri:6, instance:TestCases.TC_02_SendingInvalidEmail@6c40365c]" name="user_gives_senders_data_with_invalid_email" class="TestCases.TC_02_SendingInvalidEmail"/>
        <method signature="TC_02_SendingInvalidEmail.user_clicks_on_buynow()[pri:7, instance:TestCases.TC_02_SendingInvalidEmail@6c40365c]" name="user_clicks_on_buynow" class="TestCases.TC_02_SendingInvalidEmail"/>
        <method signature="TC_02_SendingInvalidEmail.capture_warning_msg()[pri:8, instance:TestCases.TC_02_SendingInvalidEmail@6c40365c]" name="capture_warning_msg" class="TestCases.TC_02_SendingInvalidEmail"/>
      </group> <!-- smoke -->
    </groups>
    <test started-at="2024-04-11T14:28:11 IST" name="Test1" finished-at="2024-04-11T14:28:36 IST" duration-ms="24633">
      <class name="TestCases.TC_02_SendingInvalidEmail">
        <test-method is-config="true" signature="setup(java.lang.String,java.lang.String)[pri:0, instance:TestCases.TC_02_SendingInvalidEmail@6c40365c]" started-at="2024-04-11T14:28:11 IST" name="setup" finished-at="2024-04-11T14:28:21 IST" duration-ms="9749" status="PASS">
          <params>
            <param index="0">
              <value>
                <![CDATA[windows]]>
              </value>
            </param>
            <param index="1">
              <value>
                <![CDATA[chrome]]>
              </value>
            </param>
          </params>
          <reporter-output>
          </reporter-output>
        </test-method> <!-- setup -->
        <test-method signature="click_on_caboption()[pri:1, instance:TestCases.TC_02_SendingInvalidEmail@6c40365c]" started-at="2024-04-11T14:28:21 IST" name="click_on_caboption" finished-at="2024-04-11T14:28:23 IST" duration-ms="1859" status="PASS">
          <reporter-output>
          </reporter-output>
        </test-method> <!-- click_on_caboption -->
        <test-method signature="user_clicking_search()[pri:2, instance:TestCases.TC_02_SendingInvalidEmail@6c40365c]" started-at="2024-04-11T14:28:23 IST" name="user_clicking_search" finished-at="2024-04-11T14:28:28 IST" duration-ms="4773" status="PASS">
          <reporter-output>
          </reporter-output>
        </test-method> <!-- user_clicking_search -->
        <test-method signature="user_clicking_moredropdown()[pri:3, instance:TestCases.TC_02_SendingInvalidEmail@6c40365c]" started-at="2024-04-11T14:28:28 IST" name="user_clicking_moredropdown" finished-at="2024-04-11T14:28:28 IST" duration-ms="153" status="PASS">
          <reporter-output>
          </reporter-output>
        </test-method> <!-- user_clicking_moredropdown -->
        <test-method signature="user_clicking_giftcardsoption()[pri:4, instance:TestCases.TC_02_SendingInvalidEmail@6c40365c]" started-at="2024-04-11T14:28:28 IST" name="user_clicking_giftcardsoption" finished-at="2024-04-11T14:28:30 IST" duration-ms="1707" status="PASS">
          <reporter-output>
          </reporter-output>
        </test-method> <!-- user_clicking_giftcardsoption -->
        <test-method signature="user_clicking_wedding_giftcard()[pri:5, instance:TestCases.TC_02_SendingInvalidEmail@6c40365c]" started-at="2024-04-11T14:28:30 IST" name="user_clicking_wedding_giftcard" finished-at="2024-04-11T14:28:31 IST" duration-ms="1026" status="PASS">
          <reporter-output>
          </reporter-output>
        </test-method> <!-- user_clicking_wedding_giftcard -->
        <test-method signature="user_gives_senders_data_with_invalid_email()[pri:6, instance:TestCases.TC_02_SendingInvalidEmail@6c40365c]" started-at="2024-04-11T14:28:32 IST" name="user_gives_senders_data_with_invalid_email" finished-at="2024-04-11T14:28:33 IST" duration-ms="1504" status="PASS">
          <reporter-output>
          </reporter-output>
        </test-method> <!-- user_gives_senders_data_with_invalid_email -->
        <test-method signature="user_clicks_on_buynow()[pri:7, instance:TestCases.TC_02_SendingInvalidEmail@6c40365c]" started-at="2024-04-11T14:28:33 IST" name="user_clicks_on_buynow" finished-at="2024-04-11T14:28:33 IST" duration-ms="190" status="PASS">
          <reporter-output>
          </reporter-output>
        </test-method> <!-- user_clicks_on_buynow -->
        <test-method signature="capture_warning_msg()[pri:8, instance:TestCases.TC_02_SendingInvalidEmail@6c40365c]" started-at="2024-04-11T14:28:34 IST" name="capture_warning_msg" finished-at="2024-04-11T14:28:34 IST" duration-ms="78" status="PASS">
          <reporter-output>
          </reporter-output>
        </test-method> <!-- capture_warning_msg -->
        <test-method is-config="true" signature="tearDown()[pri:0, instance:TestCases.TC_02_SendingInvalidEmail@6c40365c]" started-at="2024-04-11T14:28:34 IST" name="tearDown" finished-at="2024-04-11T14:28:36 IST" duration-ms="2073" status="PASS">
          <reporter-output>
          </reporter-output>
        </test-method> <!-- tearDown -->
      </class> <!-- TestCases.TC_02_SendingInvalidEmail -->
    </test> <!-- Test1 -->
  </suite> <!-- Suite -->
</testng-results>
